Chargement du modèle...
/opt/anaconda3/lib/python3.12/pickle.py:1710: UserWarning: [17:17:11] WARNING: /Users/runner/work/xgboost/xgboost/src/gbm/../common/error_msg.h:82: If you are loading a serialized model (like pickle in Python, RDS in R) or
configuration generated by an older version of XGBoost, please export the model by calling
`Booster.save_model` from that version first, then load it back in current version. See:

    https://xgboost.readthedocs.io/en/stable/tutorials/saving_model.html

for more details about differences between saving model and serializing.

  setstate(state)
Modèle chargé avec succès !
Type du modèle: <class 'xgboost.sklearn.XGBRegressor'>
 * Serving Flask app 'app'
 * Debug mode: on
[31m[1mWARNING: This is a development server. Do not use it in a production deployment. Use a production WSGI server instead.[0m
 * Running on http://127.0.0.1:5000
[33mPress CTRL+C to quit[0m
 * Restarting with stat
Chargement du modèle...
/opt/anaconda3/lib/python3.12/pickle.py:1710: UserWarning: [17:17:12] WARNING: /Users/runner/work/xgboost/xgboost/src/gbm/../common/error_msg.h:82: If you are loading a serialized model (like pickle in Python, RDS in R) or
configuration generated by an older version of XGBoost, please export the model by calling
`Booster.save_model` from that version first, then load it back in current version. See:

    https://xgboost.readthedocs.io/en/stable/tutorials/saving_model.html

for more details about differences between saving model and serializing.

  setstate(state)
Modèle chargé avec succès !
Type du modèle: <class 'xgboost.sklearn.XGBRegressor'>
 * Debugger is active!
 * Debugger PIN: 109-047-081
127.0.0.1 - - [10/Sep/2025 17:21:34] "GET / HTTP/1.1" 200 -
127.0.0.1 - - [10/Sep/2025 17:21:35] "GET /ImmoBird_logo.png HTTP/1.1" 200 -
127.0.0.1 - - [10/Sep/2025 17:21:35] "GET /styles.css HTTP/1.1" 200 -
127.0.0.1 - - [10/Sep/2025 17:21:35] "[33mGET /favicon.ico HTTP/1.1[0m" 404 -

=== Début de la prédiction ===
Données reçues: {'surface': '42', 'year': '1991', 'location': 'Lyon', 'condition': 'Fair', 'garage': 'Oui'}
Features numériques créées:    Area  YearBuilt
0  42.0       1991
Features numériques standardisées:        Area  YearBuilt
0 -1.999467   0.283004
Features catégorielles créées:   Location Garage Condition
0     Lyon    Oui      Fair
Features catégorielles encodées: [[1. 0. 0. 1. 1. 0. 0.]]
Features finales:        Area  YearBuilt  ...  Condition_Good  Condition_Poor
0 -1.999467   0.283004  ...             0.0             0.0

[1 rows x 9 columns]
Simulation d'un temps de traitement de 10 secondes...
Appel du modèle pour la prédiction...
Prédiction obtenue: 175077.0
Temps total de prédiction: 10.165 secondes
=== Fin de la prédiction ===

127.0.0.1 - - [10/Sep/2025 17:23:54] "POST /predict HTTP/1.1" 200 -

=== Début de la prédiction ===
Données reçues: {'surface': '42', 'year': '1991', 'location': 'Paris', 'condition': 'Excellent', 'garage': 'Oui'}
Features numériques créées:    Area  YearBuilt
0  42.0       1991
Features numériques standardisées:        Area  YearBuilt
0 -1.999467   0.283004
Features catégorielles créées:   Location Garage  Condition
0    Paris    Oui  Excellent
Features catégorielles encodées: [[0. 0. 1. 1. 0. 0. 0.]]
Features finales:        Area  YearBuilt  ...  Condition_Good  Condition_Poor
0 -1.999467   0.283004  ...             0.0             0.0

[1 rows x 9 columns]
Simulation d'un temps de traitement de 10 secondes...
Appel du modèle pour la prédiction...
Prédiction obtenue: 576611.7
Temps total de prédiction: 10.041 secondes
=== Fin de la prédiction ===

127.0.0.1 - - [10/Sep/2025 17:24:18] "POST /predict HTTP/1.1" 200 -
